Drill Listing
=============
Drill: .035  Tool: 1  Feed: 197  Speed: 550
X 1763779  Y 397007
X 1774960  Y 402480
X 1774960  Y 391574
X 1965196  Y 402480
X 1965196  Y 391574
X 1976377  Y 397007
X 1976377  Y 429763
X 1976377  Y 418858
X 1976377  Y 407913
X 1965196  Y 424291
X 1965196  Y 413385
X 1774960  Y 413385
X 1774960  Y 424291
X 1763779  Y 418858
X 1763779  Y 429763
X 1763779  Y 407913
X 1774960  Y 435196
X 1774960  Y 529370
X 1965196  Y 529370
X 1965196  Y 435196
X 1976377  Y 556653
X 1976377  Y 534803
X 1976377  Y 545708
X 1965196  Y 540275
X 1965196  Y 551181
X 1774960  Y 551181
X 1774960  Y 540275
X 1763779  Y 534803
X 1763779  Y 545708
X 1763779  Y 556653
X 1763779  Y 567559
X 1774960  Y 562086
X 1774960  Y 572992
X 1965196  Y 572992
X 1965196  Y 562086
X 1976377  Y 567559

Drill: .037  Tool: 2  Feed: 197  Speed: 550
X 1944881  Y 637795
X 1944094  Y 659055
X 1944094  Y 681102
X 1944094  Y 700787
X 1944094  Y 722047
X 1872440  Y 807086
X 1944881  Y 744881
X 1945669  Y 765354
X 1946456  Y 786614
X 1872440  Y 822834
X 1872440  Y 855905
X 1872440  Y 838582

Drill: .03937  Tool: 3  Feed: 197  Speed: 550
X 1883858  Y 910826 X 1883858  Y 902559
X 1854330  Y 910629 X 1854330  Y 902755

Drill: .04724  Tool: 4  Feed: 139  Speed: 550
X 1751968  Y 649606
X 1968503  Y 649606
X 1968503  Y 669291
X 1968503  Y 688976
X 1968503  Y 708661
X 1968503  Y 728346
X 1751968  Y 728346
X 1751968  Y 708661
X 1751968  Y 688976
X 1751968  Y 669291
X 1751968  Y 748031
X 1751968  Y 767716
X 1751968  Y 807086
X 1751968  Y 787401
X 1968503  Y 748031
X 1968503  Y 767716
X 1968503  Y 787401
X 1968503  Y 807086
X 1968503  Y 826771
X 1968503  Y 846456
X 1968503  Y 866141
X 1751968  Y 826771
X 1751968  Y 866141
X 1751968  Y 846456

Drill: .05906  Tool: 5  Feed: 107  Speed: 550
X 1822834  Y 346456
X 1842519  Y 346456
X 1893700  Y 346456
X 1913385  Y 346456
X 1952755  Y 896850
X 1919291  Y 896850

Drill: .0748  Tool: 6  Feed: 81  Speed: 550
X 1769370  Y 364173
X 1970787  Y 364173
X 1970787  Y 462598
X 1970787  Y 501968
X 1769370  Y 462598
X 1769370  Y 501968
X 1769370  Y 600393
X 1970787  Y 600393

Drill: .12205  Tool: 7  Feed: 35  Speed: 794
X 1751968  Y 332677
X 1988188  Y 332677
X 1988188  Y 921259
X 1751968  Y 921259

Drill: .14961  Tool: 8  Feed: 35  Speed: 900
X 1791338  Y 889763
X 1791338  Y 921259

End of Listing
